<?xml version="1.0" encoding="UTF-8"?>
<!-- Generated by org.testng.reporters.JUnitXMLReporter -->
<testsuite hostname="Automata" ignored="0" name="RegressionTest" tests="4" failures="1" timestamp="2021-06-19T18:46:05 EDT" time="32.502" errors="0">
  <testcase name="myDemoTest2" time="0.004" classname="ups.pack.UPSTestRunner"/>
  <testcase name="myDemoTest1" time="0.001" classname="ups.pack.UPSTestRunner"/>
  <testcase name="loginErrorMessageTest" time="10.572" classname="ups.pack.UPSTestRunner"/>
  <testcase name="signUpLinkTest" time="12.81" classname="ups.pack.UPSTestRunner">
    <failure type="java.lang.AssertionError" message="expected [Sign | UPS] but found [Sign Up | UPS]">
      <![CDATA[java.lang.AssertionError: expected [Sign | UPS] but found [Sign Up | UPS]
at ups.pack.UPSTestRunner.signUpLinkTest(UPSTestRunner.java:47)
at java.util.ArrayList.forEach(ArrayList.java:1249)
... Removed 33 stack frames]]>
    </failure>
  </testcase> <!-- signUpLinkTest -->
</testsuite> <!-- RegressionTest -->
